<?xml version="1.0" encoding="UTF-8"?>
<!-- Generated by org.testng.reporters.JUnitReportReporter -->
<testsuite hostname="Sumathi" failures="0" tests="1" name="Section8.ShoppingKart" time="12.295" errors="0" timestamp="2022-05-19T11:15:08 MDT" skipped="0">
  <testcase classname="Section8.ShoppingKart" name="Kart" time="12.295"/>
  <system-out/>
</testsuite> <!-- Section8.ShoppingKart -->
