<?xml version="1.0" encoding="UTF-8"?>
<!-- Generated by org.testng.reporters.JUnitReportReporter -->
<testsuite hostname="Sumathi" failures="0" tests="1" name="Section8.Assign3" time="36.246" errors="0" timestamp="2022-05-19T17:03:04 MDT" skipped="0">
  <testcase classname="Section8.Assign3" name="assignment" time="36.246"/>
  <system-out/>
</testsuite> <!-- Section8.Assign3 -->
