<?xml version="1.0" encoding="UTF-8"?>
<!-- Generated by org.testng.reporters.JUnitReportReporter -->
<testsuite hostname="Sumathi" failures="0" tests="1" name="Section8.ShoppingKart" time="13.750" errors="0" timestamp="2022-06-07T21:53:08 MDT" skipped="0">
  <testcase classname="Section8.ShoppingKart" name="Kart" time="13.750"/>
  <system-out/>
</testsuite> <!-- Section8.ShoppingKart -->
